<?xml version="1.0" encoding="UTF-8"?>
<!-- Generated by org.testng.reporters.JUnitReportReporter -->
<testsuite hostname="toni" name="com.egt.tests.AddFirstTest" tests="1" failures="0" timestamp="14 Jul 2014 11:36:28 GMT" time="0.008" errors="0">
  <testcase name="test" time="0.008" classname="com.egt.tests.AddFirstTest"/>
</testsuite> <!-- com.egt.tests.AddFirstTest -->
