<?xml version="1.0" encoding="UTF-8"?>
<!-- Generated by org.testng.reporters.JUnitReportReporter -->
<testsuite hostname="toni" name="com.egt.tests.AddAtBeginningTest" tests="1" failures="0" timestamp="11 Jul 2014 10:20:32 GMT" time="0.008" errors="0">
  <testcase name="test" time="0.008" classname="com.egt.tests.AddAtBeginningTest"/>
</testsuite> <!-- com.egt.tests.AddAtBeginningTest -->
