<?xml version="1.0" encoding="UTF-8"?>
<!-- Generated by org.testng.reporters.JUnitReportReporter -->
<testsuite hostname="toni" name="com.egt.tests.AddByIndex" tests="1" failures="0" timestamp="11 Jul 2014 12:26:04 GMT" time="0.007" errors="0">
  <testcase name="test" time="0.007" classname="com.egt.tests.AddByIndex"/>
</testsuite> <!-- com.egt.tests.AddByIndex -->
